<?xml version="1.0" encoding="UTF-8"?>
<testsuite xmlns:xsi="http://www.w3.org/2001/XMLSchema-instance" xsi:noNamespaceSchemaLocation="https://maven.apache.org/surefire/maven-surefire-plugin/xsd/surefire-test-report-3.0.xsd" version="3.0" name="com.najahni.services.ml.RiskMLTest" time="7.277" tests="41" errors="0" skipped="0" failures="0">
  <properties>
[...]
</properties>
  <testcase name="testDatasetResourceExists" classname="com.najahni.services.ml.RiskMLTest" time="0.002"/>
  <testcase name="testDatasetLoads" classname="com.najahni.services.ml.RiskMLTest" time="0.031">
    <system-err><![CDATA[Feb 19, 2026 9:41:34 AM com.najahni.services.ml.RiskModelTrainer loadDataset
INFO: ? Dataset : investment_risk — 60 instances — classe : risk_label
]]></system-err>
  </testcase>
  <testcase name="testDatasetSize" classname="com.najahni.services.ml.RiskMLTest" time="0.004">
    <system-err><![CDATA[Feb 19, 2026 9:41:34 AM com.najahni.services.ml.RiskModelTrainer loadDataset
INFO: ? Dataset : investment_risk — 60 instances — classe : risk_label
]]></system-err>
  </testcase>
  <testcase name="testClassAttribute" classname="com.najahni.services.ml.RiskMLTest" time="0.012">
    <system-err><![CDATA[Feb 19, 2026 9:41:34 AM com.najahni.services.ml.RiskModelTrainer loadDataset
INFO: ? Dataset : investment_risk — 60 instances — classe : risk_label
]]></system-err>
  </testcase>
  <testcase name="testDatasetAttributes" classname="com.najahni.services.ml.RiskMLTest" time="0.004">
    <system-err><![CDATA[Feb 19, 2026 9:41:34 AM com.najahni.services.ml.RiskModelTrainer loadDataset
INFO: ? Dataset : investment_risk — 60 instances — classe : risk_label
]]></system-err>
  </testcase>
  <testcase name="testClassValues" classname="com.najahni.services.ml.RiskMLTest" time="0.004">
    <system-err><![CDATA[Feb 19, 2026 9:41:34 AM com.najahni.services.ml.RiskModelTrainer loadDataset
INFO: ? Dataset : investment_risk — 60 instances — classe : risk_label
]]></system-err>
  </testcase>
  <testcase name="testModelTrains" classname="com.najahni.services.ml.RiskMLTest" time="6.777">
    <system-err><![CDATA[Feb 19, 2026 9:41:34 AM com.najahni.services.ml.RiskModelTrainer loadDataset
INFO: ? Dataset : investment_risk — 60 instances — classe : risk_label
Feb 19, 2026 9:41:34 AM com.github.fommil.netlib.ARPACK <clinit>
WARNING: Failed to load implementation from: com.github.fommil.netlib.NativeSystemARPACK
Feb 19, 2026 9:41:41 AM com.github.fommil.jni.JniLoader liberalLoad
INFO: successfully loaded C:\Users\user\AppData\Local\Temp\jniloader3174013570436579111netlib-native_ref-win-x86_64.dll
]]></system-err>
  </testcase>
  <testcase name="testModelIsRandomForest" classname="com.najahni.services.ml.RiskMLTest" time="0.002"/>
  <testcase name="testModelCanClassify" classname="com.najahni.services.ml.RiskMLTest" time="0.003">
    <system-err><![CDATA[Feb 19, 2026 9:41:41 AM com.najahni.services.ml.RiskModelTrainer loadDataset
INFO: ? Dataset : investment_risk — 60 instances — classe : risk_label
]]></system-err>
  </testcase>
  <testcase name="testModelDistribution" classname="com.najahni.services.ml.RiskMLTest" time="0.006">
    <system-err><![CDATA[Feb 19, 2026 9:41:41 AM com.najahni.services.ml.RiskModelTrainer loadDataset
INFO: ? Dataset : investment_risk — 60 instances — classe : risk_label
]]></system-err>
  </testcase>
  <testcase name="testPredictorWorks" classname="com.najahni.services.ml.RiskMLTest" time="0.019">
    <system-err><![CDATA[Feb 19, 2026 9:41:41 AM com.najahni.services.ml.RiskPredictor loadDatasetStructure
INFO: ? Structure dataset chargée : 6 attributs
Feb 19, 2026 9:41:41 AM com.najahni.services.ml.RiskPredictor loadModel
INFO: ? Modèle injecté directement (mode test)
Feb 19, 2026 9:41:41 AM com.najahni.services.ml.RiskPredictor predict
INFO: ?????????????????????????????????????????
Feb 19, 2026 9:41:41 AM com.najahni.services.ml.RiskPredictor predict
INFO: ? Prédiction ML pour :
Feb 19, 2026 9:41:41 AM com.najahni.services.ml.RiskPredictor predict
INFO:    Montant     = 5000.0 €
Feb 19, 2026 9:41:41 AM com.najahni.services.ml.RiskPredictor predict
INFO:    Durée       = 365.0 jours
Feb 19, 2026 9:41:41 AM com.najahni.services.ml.RiskPredictor predict
INFO:    Secteur     = tech
Feb 19, 2026 9:41:41 AM com.najahni.services.ml.RiskPredictor predict
INFO:    Success Rate= 80.0%
Feb 19, 2026 9:41:41 AM com.najahni.services.ml.RiskPredictor predict
INFO:    Funding Ratio= 0.9
Feb 19, 2026 9:41:41 AM com.najahni.services.ml.RiskPredictor predict
INFO: ? Distribution : faible=1.00 | moyen=0.00 | eleve=0.00
Feb 19, 2026 9:41:41 AM com.najahni.services.ml.RiskPredictor predict
INFO: ? Prédiction : FAIBLE (confiance : 100.0%)
Feb 19, 2026 9:41:41 AM com.najahni.services.ml.RiskPredictor predict
INFO: ?????????????????????????????????????????
]]></system-err>
  </testcase>
  <testcase name="testPredictionLabelValid" classname="com.najahni.services.ml.RiskMLTest" time="0.02">
    <system-err><![CDATA[Feb 19, 2026 9:41:41 AM com.najahni.services.ml.RiskPredictor loadDatasetStructure
INFO: ? Structure dataset chargée : 6 attributs
Feb 19, 2026 9:41:41 AM com.najahni.services.ml.RiskPredictor loadModel
INFO: ? Modèle injecté directement (mode test)
Feb 19, 2026 9:41:41 AM com.najahni.services.ml.RiskPredictor predict
INFO: ?????????????????????????????????????????
Feb 19, 2026 9:41:41 AM com.najahni.services.ml.RiskPredictor predict
INFO: ? Prédiction ML pour :
Feb 19, 2026 9:41:41 AM com.najahni.services.ml.RiskPredictor predict
INFO:    Montant     = 5000.0 €
Feb 19, 2026 9:41:41 AM com.najahni.services.ml.RiskPredictor predict
INFO:    Durée       = 365.0 jours
Feb 19, 2026 9:41:41 AM com.najahni.services.ml.RiskPredictor predict
INFO:    Secteur     = tech
Feb 19, 2026 9:41:41 AM com.najahni.services.ml.RiskPredictor predict
INFO:    Success Rate= 80.0%
Feb 19, 2026 9:41:41 AM com.najahni.services.ml.RiskPredictor predict
INFO:    Funding Ratio= 0.9
Feb 19, 2026 9:41:41 AM com.najahni.services.ml.RiskPredictor predict
INFO: ? Distribution : faible=1.00 | moyen=0.00 | eleve=0.00
Feb 19, 2026 9:41:41 AM com.najahni.services.ml.RiskPredictor predict
INFO: ? Prédiction : FAIBLE (confiance : 100.0%)
Feb 19, 2026 9:41:41 AM com.najahni.services.ml.RiskPredictor predict
INFO: ?????????????????????????????????????????
]]></system-err>
  </testcase>
  <testcase name="testPredictionProbabilityRange" classname="com.najahni.services.ml.RiskMLTest" time="0.013">
    <system-err><![CDATA[Feb 19, 2026 9:41:41 AM com.najahni.services.ml.RiskPredictor loadDatasetStructure
INFO: ? Structure dataset chargée : 6 attributs
Feb 19, 2026 9:41:41 AM com.najahni.services.ml.RiskPredictor loadModel
INFO: ? Modèle injecté directement (mode test)
Feb 19, 2026 9:41:41 AM com.najahni.services.ml.RiskPredictor predict
INFO: ?????????????????????????????????????????
Feb 19, 2026 9:41:41 AM com.najahni.services.ml.RiskPredictor predict
INFO: ? Prédiction ML pour :
Feb 19, 2026 9:41:41 AM com.najahni.services.ml.RiskPredictor predict
INFO:    Montant     = 50000.0 €
Feb 19, 2026 9:41:41 AM com.najahni.services.ml.RiskPredictor predict
INFO:    Durée       = 90.0 jours
Feb 19, 2026 9:41:41 AM com.najahni.services.ml.RiskPredictor predict
INFO:    Secteur     = industrie
Feb 19, 2026 9:41:41 AM com.najahni.services.ml.RiskPredictor predict
INFO:    Success Rate= 30.0%
Feb 19, 2026 9:41:41 AM com.najahni.services.ml.RiskPredictor predict
INFO:    Funding Ratio= 0.2
Feb 19, 2026 9:41:41 AM com.najahni.services.ml.RiskPredictor predict
INFO: ? Distribution : faible=0.00 | moyen=0.86 | eleve=0.14
Feb 19, 2026 9:41:41 AM com.najahni.services.ml.RiskPredictor predict
INFO: ? Prédiction : MOYEN (confiance : 86.0%)
Feb 19, 2026 9:41:41 AM com.najahni.services.ml.RiskPredictor predict
INFO: ?????????????????????????????????????????
]]></system-err>
  </testcase>
  <testcase name="testDetailedProbabilitiesSum" classname="com.najahni.services.ml.RiskMLTest" time="0.018">
    <system-err><![CDATA[Feb 19, 2026 9:41:41 AM com.najahni.services.ml.RiskPredictor loadDatasetStructure
INFO: ? Structure dataset chargée : 6 attributs
Feb 19, 2026 9:41:41 AM com.najahni.services.ml.RiskPredictor loadModel
INFO: ? Modèle injecté directement (mode test)
Feb 19, 2026 9:41:41 AM com.najahni.services.ml.RiskPredictor predict
INFO: ?????????????????????????????????????????
Feb 19, 2026 9:41:41 AM com.najahni.services.ml.RiskPredictor predict
INFO: ? Prédiction ML pour :
Feb 19, 2026 9:41:41 AM com.najahni.services.ml.RiskPredictor predict
INFO:    Montant     = 20000.0 €
Feb 19, 2026 9:41:41 AM com.najahni.services.ml.RiskPredictor predict
INFO:    Durée       = 200.0 jours
Feb 19, 2026 9:41:41 AM com.najahni.services.ml.RiskPredictor predict
INFO:    Secteur     = sante
Feb 19, 2026 9:41:41 AM com.najahni.services.ml.RiskPredictor predict
INFO:    Success Rate= 60.0%
Feb 19, 2026 9:41:41 AM com.najahni.services.ml.RiskPredictor predict
INFO:    Funding Ratio= 0.5
Feb 19, 2026 9:41:41 AM com.najahni.services.ml.RiskPredictor predict
INFO: ? Distribution : faible=0.62 | moyen=0.38 | eleve=0.00
Feb 19, 2026 9:41:41 AM com.najahni.services.ml.RiskPredictor predict
INFO: ? Prédiction : FAIBLE (confiance : 62.0%)
Feb 19, 2026 9:41:41 AM com.najahni.services.ml.RiskPredictor predict
INFO: ?????????????????????????????????????????
]]></system-err>
  </testcase>
  <testcase name="testDetailedLabels" classname="com.najahni.services.ml.RiskMLTest" time="0.008">
    <system-err><![CDATA[Feb 19, 2026 9:41:41 AM com.najahni.services.ml.RiskPredictor loadDatasetStructure
INFO: ? Structure dataset chargée : 6 attributs
Feb 19, 2026 9:41:41 AM com.najahni.services.ml.RiskPredictor loadModel
INFO: ? Modèle injecté directement (mode test)
Feb 19, 2026 9:41:41 AM com.najahni.services.ml.RiskPredictor predict
INFO: ?????????????????????????????????????????
Feb 19, 2026 9:41:41 AM com.najahni.services.ml.RiskPredictor predict
INFO: ? Prédiction ML pour :
Feb 19, 2026 9:41:41 AM com.najahni.services.ml.RiskPredictor predict
INFO:    Montant     = 20000.0 €
Feb 19, 2026 9:41:41 AM com.najahni.services.ml.RiskPredictor predict
INFO:    Durée       = 200.0 jours
Feb 19, 2026 9:41:41 AM com.najahni.services.ml.RiskPredictor predict
INFO:    Secteur     = sante
Feb 19, 2026 9:41:41 AM com.najahni.services.ml.RiskPredictor predict
INFO:    Success Rate= 60.0%
Feb 19, 2026 9:41:41 AM com.najahni.services.ml.RiskPredictor predict
INFO:    Funding Ratio= 0.5
Feb 19, 2026 9:41:41 AM com.najahni.services.ml.RiskPredictor predict
INFO: ? Distribution : faible=0.62 | moyen=0.38 | eleve=0.00
Feb 19, 2026 9:41:41 AM com.najahni.services.ml.RiskPredictor predict
INFO: ? Prédiction : FAIBLE (confiance : 62.0%)
Feb 19, 2026 9:41:41 AM com.najahni.services.ml.RiskPredictor predict
INFO: ?????????????????????????????????????????
]]></system-err>
  </testcase>
  <testcase name="testPredictionDeterminism" classname="com.najahni.services.ml.RiskMLTest" time="0.129">
    <system-err><![CDATA[Feb 19, 2026 9:41:41 AM com.najahni.services.ml.RiskModelTrainer loadDataset
INFO: ? Dataset : investment_risk — 60 instances — classe : risk_label
Feb 19, 2026 9:41:41 AM com.najahni.services.ml.RiskModelTrainer loadDataset
INFO: ? Dataset : investment_risk — 60 instances — classe : risk_label
Feb 19, 2026 9:41:41 AM com.najahni.services.ml.RiskPredictor loadDatasetStructure
INFO: ? Structure dataset chargée : 6 attributs
Feb 19, 2026 9:41:41 AM com.najahni.services.ml.RiskPredictor loadModel
INFO: ? Modèle injecté directement (mode test)
Feb 19, 2026 9:41:41 AM com.najahni.services.ml.RiskPredictor loadDatasetStructure
INFO: ? Structure dataset chargée : 6 attributs
Feb 19, 2026 9:41:41 AM com.najahni.services.ml.RiskPredictor loadModel
INFO: ? Modèle injecté directement (mode test)
Feb 19, 2026 9:41:41 AM com.najahni.services.ml.RiskPredictor predict
INFO: ?????????????????????????????????????????
Feb 19, 2026 9:41:41 AM com.najahni.services.ml.RiskPredictor predict
INFO: ? Prédiction ML pour :
Feb 19, 2026 9:41:41 AM com.najahni.services.ml.RiskPredictor predict
INFO:    Montant     = 10000.0 €
Feb 19, 2026 9:41:41 AM com.najahni.services.ml.RiskPredictor predict
INFO:    Durée       = 300.0 jours
Feb 19, 2026 9:41:41 AM com.najahni.services.ml.RiskPredictor predict
INFO:    Secteur     = tech
Feb 19, 2026 9:41:41 AM com.najahni.services.ml.RiskPredictor predict
INFO:    Success Rate= 70.0%
Feb 19, 2026 9:41:41 AM com.najahni.services.ml.RiskPredictor predict
INFO:    Funding Ratio= 0.6
Feb 19, 2026 9:41:41 AM com.najahni.services.ml.RiskPredictor predict
INFO: ? Distribution : faible=1.00 | moyen=0.00 | eleve=0.00
Feb 19, 2026 9:41:41 AM com.najahni.services.ml.RiskPredictor predict
INFO: ? Prédiction : FAIBLE (confiance : 100.0%)
Feb 19, 2026 9:41:41 AM com.najahni.services.ml.RiskPredictor predict
INFO: ?????????????????????????????????????????
Feb 19, 2026 9:41:41 AM com.najahni.services.ml.RiskPredictor predict
INFO: ?????????????????????????????????????????
Feb 19, 2026 9:41:41 AM com.najahni.services.ml.RiskPredictor predict
INFO: ? Prédiction ML pour :
Feb 19, 2026 9:41:41 AM com.najahni.services.ml.RiskPredictor predict
INFO:    Montant     = 10000.0 €
Feb 19, 2026 9:41:41 AM com.najahni.services.ml.RiskPredictor predict
INFO:    Durée       = 300.0 jours
Feb 19, 2026 9:41:41 AM com.najahni.services.ml.RiskPredictor predict
INFO:    Secteur     = tech
Feb 19, 2026 9:41:41 AM com.najahni.services.ml.RiskPredictor predict
INFO:    Success Rate= 70.0%
Feb 19, 2026 9:41:41 AM com.najahni.services.ml.RiskPredictor predict
INFO:    Funding Ratio= 0.6
Feb 19, 2026 9:41:41 AM com.najahni.services.ml.RiskPredictor predict
INFO: ? Distribution : faible=1.00 | moyen=0.00 | eleve=0.00
Feb 19, 2026 9:41:41 AM com.najahni.services.ml.RiskPredictor predict
INFO: ? Prédiction : FAIBLE (confiance : 100.0%)
Feb 19, 2026 9:41:41 AM com.najahni.services.ml.RiskPredictor predict
INFO: ?????????????????????????????????????????
]]></system-err>
  </testcase>
  <testcase name="testPredictionForAllSectors(String)[1]" classname="com.najahni.services.ml.RiskMLTest" time="0.029">
    <system-err><![CDATA[Feb 19, 2026 9:41:41 AM com.najahni.services.ml.RiskPredictor loadDatasetStructure
INFO: ? Structure dataset chargée : 6 attributs
Feb 19, 2026 9:41:41 AM com.najahni.services.ml.RiskPredictor loadModel
INFO: ? Modèle injecté directement (mode test)
Feb 19, 2026 9:41:41 AM com.najahni.services.ml.RiskPredictor predict
INFO: ?????????????????????????????????????????
Feb 19, 2026 9:41:41 AM com.najahni.services.ml.RiskPredictor predict
INFO: ? Prédiction ML pour :
Feb 19, 2026 9:41:41 AM com.najahni.services.ml.RiskPredictor predict
INFO:    Montant     = 15000.0 €
Feb 19, 2026 9:41:41 AM com.najahni.services.ml.RiskPredictor predict
INFO:    Durée       = 200.0 jours
Feb 19, 2026 9:41:41 AM com.najahni.services.ml.RiskPredictor predict
INFO:    Secteur     = tech
Feb 19, 2026 9:41:41 AM com.najahni.services.ml.RiskPredictor predict
INFO:    Success Rate= 55.0%
Feb 19, 2026 9:41:41 AM com.najahni.services.ml.RiskPredictor predict
INFO:    Funding Ratio= 0.4
Feb 19, 2026 9:41:41 AM com.najahni.services.ml.RiskPredictor predict
INFO: ? Distribution : faible=0.62 | moyen=0.38 | eleve=0.00
Feb 19, 2026 9:41:41 AM com.najahni.services.ml.RiskPredictor predict
INFO: ? Prédiction : FAIBLE (confiance : 62.0%)
Feb 19, 2026 9:41:41 AM com.najahni.services.ml.RiskPredictor predict
INFO: ?????????????????????????????????????????
]]></system-err>
  </testcase>
  <testcase name="testPredictionForAllSectors(String)[2]" classname="com.najahni.services.ml.RiskMLTest" time="0.006">
    <system-err><![CDATA[Feb 19, 2026 9:41:41 AM com.najahni.services.ml.RiskPredictor loadDatasetStructure
INFO: ? Structure dataset chargée : 6 attributs
Feb 19, 2026 9:41:41 AM com.najahni.services.ml.RiskPredictor loadModel
INFO: ? Modèle injecté directement (mode test)
Feb 19, 2026 9:41:41 AM com.najahni.services.ml.RiskPredictor predict
INFO: ?????????????????????????????????????????
Feb 19, 2026 9:41:41 AM com.najahni.services.ml.RiskPredictor predict
INFO: ? Prédiction ML pour :
Feb 19, 2026 9:41:41 AM com.najahni.services.ml.RiskPredictor predict
INFO:    Montant     = 15000.0 €
Feb 19, 2026 9:41:41 AM com.najahni.services.ml.RiskPredictor predict
INFO:    Durée       = 200.0 jours
Feb 19, 2026 9:41:41 AM com.najahni.services.ml.RiskPredictor predict
INFO:    Secteur     = immobilier
Feb 19, 2026 9:41:41 AM com.najahni.services.ml.RiskPredictor predict
INFO:    Success Rate= 55.0%
Feb 19, 2026 9:41:41 AM com.najahni.services.ml.RiskPredictor predict
INFO:    Funding Ratio= 0.4
Feb 19, 2026 9:41:41 AM com.najahni.services.ml.RiskPredictor predict
INFO: ? Distribution : faible=0.62 | moyen=0.38 | eleve=0.00
Feb 19, 2026 9:41:41 AM com.najahni.services.ml.RiskPredictor predict
INFO: ? Prédiction : FAIBLE (confiance : 62.0%)
Feb 19, 2026 9:41:41 AM com.najahni.services.ml.RiskPredictor predict
INFO: ?????????????????????????????????????????
]]></system-err>
  </testcase>
  <testcase name="testPredictionForAllSectors(String)[3]" classname="com.najahni.services.ml.RiskMLTest" time="0.007">
    <system-err><![CDATA[Feb 19, 2026 9:41:41 AM com.najahni.services.ml.RiskPredictor loadDatasetStructure
INFO: ? Structure dataset chargée : 6 attributs
Feb 19, 2026 9:41:41 AM com.najahni.services.ml.RiskPredictor loadModel
INFO: ? Modèle injecté directement (mode test)
Feb 19, 2026 9:41:41 AM com.najahni.services.ml.RiskPredictor predict
INFO: ?????????????????????????????????????????
Feb 19, 2026 9:41:41 AM com.najahni.services.ml.RiskPredictor predict
INFO: ? Prédiction ML pour :
Feb 19, 2026 9:41:41 AM com.najahni.services.ml.RiskPredictor predict
INFO:    Montant     = 15000.0 €
Feb 19, 2026 9:41:41 AM com.najahni.services.ml.RiskPredictor predict
INFO:    Durée       = 200.0 jours
Feb 19, 2026 9:41:41 AM com.najahni.services.ml.RiskPredictor predict
INFO:    Secteur     = sante
Feb 19, 2026 9:41:41 AM com.najahni.services.ml.RiskPredictor predict
INFO:    Success Rate= 55.0%
Feb 19, 2026 9:41:41 AM com.najahni.services.ml.RiskPredictor predict
INFO:    Funding Ratio= 0.4
Feb 19, 2026 9:41:41 AM com.najahni.services.ml.RiskPredictor predict
INFO: ? Distribution : faible=0.62 | moyen=0.38 | eleve=0.00
Feb 19, 2026 9:41:41 AM com.najahni.services.ml.RiskPredictor predict
INFO: ? Prédiction : FAIBLE (confiance : 62.0%)
Feb 19, 2026 9:41:41 AM com.najahni.services.ml.RiskPredictor predict
INFO: ?????????????????????????????????????????
]]></system-err>
  </testcase>
  <testcase name="testPredictionForAllSectors(String)[4]" classname="com.najahni.services.ml.RiskMLTest" time="0.007">
    <system-err><![CDATA[Feb 19, 2026 9:41:41 AM com.najahni.services.ml.RiskPredictor loadDatasetStructure
INFO: ? Structure dataset chargée : 6 attributs
Feb 19, 2026 9:41:41 AM com.najahni.services.ml.RiskPredictor loadModel
INFO: ? Modèle injecté directement (mode test)
Feb 19, 2026 9:41:41 AM com.najahni.services.ml.RiskPredictor predict
INFO: ?????????????????????????????????????????
Feb 19, 2026 9:41:41 AM com.najahni.services.ml.RiskPredictor predict
INFO: ? Prédiction ML pour :
Feb 19, 2026 9:41:41 AM com.najahni.services.ml.RiskPredictor predict
INFO:    Montant     = 15000.0 €
Feb 19, 2026 9:41:41 AM com.najahni.services.ml.RiskPredictor predict
INFO:    Durée       = 200.0 jours
Feb 19, 2026 9:41:41 AM com.najahni.services.ml.RiskPredictor predict
INFO:    Secteur     = industrie
Feb 19, 2026 9:41:41 AM com.najahni.services.ml.RiskPredictor predict
INFO:    Success Rate= 55.0%
Feb 19, 2026 9:41:41 AM com.najahni.services.ml.RiskPredictor predict
INFO:    Funding Ratio= 0.4
Feb 19, 2026 9:41:41 AM com.najahni.services.ml.RiskPredictor predict
INFO: ? Distribution : faible=0.62 | moyen=0.38 | eleve=0.00
Feb 19, 2026 9:41:41 AM com.najahni.services.ml.RiskPredictor predict
INFO: ? Prédiction : FAIBLE (confiance : 62.0%)
Feb 19, 2026 9:41:41 AM com.najahni.services.ml.RiskPredictor predict
INFO: ?????????????????????????????????????????
]]></system-err>
  </testcase>
  <testcase name="testLowRiskPrediction" classname="com.najahni.services.ml.RiskMLTest" time="0.007">
    <system-err><![CDATA[Feb 19, 2026 9:41:41 AM com.najahni.services.ml.RiskPredictor loadDatasetStructure
INFO: ? Structure dataset chargée : 6 attributs
Feb 19, 2026 9:41:41 AM com.najahni.services.ml.RiskPredictor loadModel
INFO: ? Modèle injecté directement (mode test)
Feb 19, 2026 9:41:41 AM com.najahni.services.ml.RiskPredictor predict
INFO: ?????????????????????????????????????????
Feb 19, 2026 9:41:41 AM com.najahni.services.ml.RiskPredictor predict
INFO: ? Prédiction ML pour :
Feb 19, 2026 9:41:41 AM com.najahni.services.ml.RiskPredictor predict
INFO:    Montant     = 3000.0 €
Feb 19, 2026 9:41:41 AM com.najahni.services.ml.RiskPredictor predict
INFO:    Durée       = 500.0 jours
Feb 19, 2026 9:41:41 AM com.najahni.services.ml.RiskPredictor predict
INFO:    Secteur     = tech
Feb 19, 2026 9:41:41 AM com.najahni.services.ml.RiskPredictor predict
INFO:    Success Rate= 90.0%
Feb 19, 2026 9:41:41 AM com.najahni.services.ml.RiskPredictor predict
INFO:    Funding Ratio= 0.95
Feb 19, 2026 9:41:41 AM com.najahni.services.ml.RiskPredictor predict
INFO: ? Distribution : faible=1.00 | moyen=0.00 | eleve=0.00
Feb 19, 2026 9:41:41 AM com.najahni.services.ml.RiskPredictor predict
INFO: ? Prédiction : FAIBLE (confiance : 100.0%)
Feb 19, 2026 9:41:41 AM com.najahni.services.ml.RiskPredictor predict
INFO: ?????????????????????????????????????????
]]></system-err>
  </testcase>
  <testcase name="testHighRiskPrediction" classname="com.najahni.services.ml.RiskMLTest" time="0.006">
    <system-err><![CDATA[Feb 19, 2026 9:41:41 AM com.najahni.services.ml.RiskPredictor loadDatasetStructure
INFO: ? Structure dataset chargée : 6 attributs
Feb 19, 2026 9:41:41 AM com.najahni.services.ml.RiskPredictor loadModel
INFO: ? Modèle injecté directement (mode test)
Feb 19, 2026 9:41:41 AM com.najahni.services.ml.RiskPredictor predict
INFO: ?????????????????????????????????????????
Feb 19, 2026 9:41:41 AM com.najahni.services.ml.RiskPredictor predict
INFO: ? Prédiction ML pour :
Feb 19, 2026 9:41:41 AM com.najahni.services.ml.RiskPredictor predict
INFO:    Montant     = 200000.0 €
Feb 19, 2026 9:41:41 AM com.najahni.services.ml.RiskPredictor predict
INFO:    Durée       = 30.0 jours
Feb 19, 2026 9:41:41 AM com.najahni.services.ml.RiskPredictor predict
INFO:    Secteur     = industrie
Feb 19, 2026 9:41:41 AM com.najahni.services.ml.RiskPredictor predict
INFO:    Success Rate= 10.0%
Feb 19, 2026 9:41:41 AM com.najahni.services.ml.RiskPredictor predict
INFO:    Funding Ratio= 0.05
Feb 19, 2026 9:41:41 AM com.najahni.services.ml.RiskPredictor predict
INFO: ? Distribution : faible=0.00 | moyen=0.00 | eleve=1.00
Feb 19, 2026 9:41:41 AM com.najahni.services.ml.RiskPredictor predict
INFO: ? Prédiction : ELEVE (confiance : 100.0%)
Feb 19, 2026 9:41:41 AM com.najahni.services.ml.RiskPredictor predict
INFO: ?????????????????????????????????????????
]]></system-err>
  </testcase>
  <testcase name="testRiskAIServiceDirect" classname="com.najahni.services.ml.RiskMLTest" time="0.008">
    <system-err><![CDATA[Feb 19, 2026 9:41:41 AM com.najahni.services.ml.RiskPredictor loadDatasetStructure
INFO: ? Structure dataset chargée : 6 attributs
Feb 19, 2026 9:41:41 AM com.najahni.services.ml.RiskPredictor loadModel
INFO: ? Modèle injecté directement (mode test)
Feb 19, 2026 9:41:41 AM com.najahni.services.ml.RiskPredictor predict
INFO: ?????????????????????????????????????????
Feb 19, 2026 9:41:41 AM com.najahni.services.ml.RiskPredictor predict
INFO: ? Prédiction ML pour :
Feb 19, 2026 9:41:41 AM com.najahni.services.ml.RiskPredictor predict
INFO:    Montant     = 10000.0 €
Feb 19, 2026 9:41:41 AM com.najahni.services.ml.RiskPredictor predict
INFO:    Durée       = 180.0 jours
Feb 19, 2026 9:41:41 AM com.najahni.services.ml.RiskPredictor predict
INFO:    Secteur     = tech
Feb 19, 2026 9:41:41 AM com.najahni.services.ml.RiskPredictor predict
INFO:    Success Rate= 50.0%
Feb 19, 2026 9:41:41 AM com.najahni.services.ml.RiskPredictor predict
INFO:    Funding Ratio= 0.4
Feb 19, 2026 9:41:41 AM com.najahni.services.ml.RiskPredictor predict
INFO: ? Distribution : faible=0.62 | moyen=0.38 | eleve=0.00
Feb 19, 2026 9:41:41 AM com.najahni.services.ml.RiskPredictor predict
INFO: ? Prédiction : FAIBLE (confiance : 62.0%)
Feb 19, 2026 9:41:41 AM com.najahni.services.ml.RiskPredictor predict
INFO: ?????????????????????????????????????????
]]></system-err>
  </testcase>
  <testcase name="testRiskAIServiceUnknownSector" classname="com.najahni.services.ml.RiskMLTest" time="0.007">
    <system-err><![CDATA[Feb 19, 2026 9:41:41 AM com.najahni.services.ml.RiskPredictor loadDatasetStructure
INFO: ? Structure dataset chargée : 6 attributs
Feb 19, 2026 9:41:41 AM com.najahni.services.ml.RiskPredictor loadModel
INFO: ? Modèle injecté directement (mode test)
Feb 19, 2026 9:41:41 AM com.najahni.services.ml.RiskPredictor predict
INFO: ?????????????????????????????????????????
Feb 19, 2026 9:41:41 AM com.najahni.services.ml.RiskPredictor predict
INFO: ? Prédiction ML pour :
Feb 19, 2026 9:41:41 AM com.najahni.services.ml.RiskPredictor predict
INFO:    Montant     = 15000.0 €
Feb 19, 2026 9:41:41 AM com.najahni.services.ml.RiskPredictor predict
INFO:    Durée       = 200.0 jours
Feb 19, 2026 9:41:41 AM com.najahni.services.ml.RiskPredictor predict
INFO:    Secteur     = aerospace
Feb 19, 2026 9:41:41 AM com.najahni.services.ml.RiskPredictor predict
INFO:    Success Rate= 60.0%
Feb 19, 2026 9:41:41 AM com.najahni.services.ml.RiskPredictor predict
INFO:    Funding Ratio= 0.5
Feb 19, 2026 9:41:41 AM com.najahni.services.ml.RiskPredictor predict
INFO: ? Distribution : faible=0.62 | moyen=0.38 | eleve=0.00
Feb 19, 2026 9:41:41 AM com.najahni.services.ml.RiskPredictor predict
INFO: ? Prédiction : FAIBLE (confiance : 62.0%)
Feb 19, 2026 9:41:41 AM com.najahni.services.ml.RiskPredictor predict
INFO: ?????????????????????????????????????????
]]></system-err>
  </testcase>
  <testcase name="testSectorNormalization(String, String)[1]" classname="com.najahni.services.ml.RiskMLTest" time="0.005"/>
  <testcase name="testSectorNormalization(String, String)[2]" classname="com.najahni.services.ml.RiskMLTest" time="0.0"/>
  <testcase name="testSectorNormalization(String, String)[3]" classname="com.najahni.services.ml.RiskMLTest" time="0.001"/>
  <testcase name="testSectorNormalization(String, String)[4]" classname="com.najahni.services.ml.RiskMLTest" time="0.001"/>
  <testcase name="testSectorNormalization(String, String)[5]" classname="com.najahni.services.ml.RiskMLTest" time="0.002"/>
  <testcase name="testSectorNormalization(String, String)[6]" classname="com.najahni.services.ml.RiskMLTest" time="0.001"/>
  <testcase name="testSectorNormalization(String, String)[7]" classname="com.najahni.services.ml.RiskMLTest" time="0.001"/>
  <testcase name="testSectorNormalization(String, String)[8]" classname="com.najahni.services.ml.RiskMLTest" time="0.0"/>
  <testcase name="testSectorNormalization(String, String)[9]" classname="com.najahni.services.ml.RiskMLTest" time="0.0"/>
  <testcase name="testSectorNormalization(String, String)[10]" classname="com.najahni.services.ml.RiskMLTest" time="0.0"/>
  <testcase name="testSectorNormalization(String, String)[11]" classname="com.najahni.services.ml.RiskMLTest" time="0.001"/>
  <testcase name="testSectorNormalization(String, String)[12]" classname="com.najahni.services.ml.RiskMLTest" time="0.002"/>
  <testcase name="testPredictionDisplay" classname="com.najahni.services.ml.RiskMLTest" time="0.001"/>
  <testcase name="testDisplayLabels" classname="com.najahni.services.ml.RiskMLTest" time="0.001"/>
  <testcase name="testEmojis" classname="com.najahni.services.ml.RiskMLTest" time="0.0"/>
  <testcase name="testProbabilityPercent" classname="com.najahni.services.ml.RiskMLTest" time="0.001"/>
  <testcase name="testDetailedDisplay" classname="com.najahni.services.ml.RiskMLTest" time="0.001"/>
</testsuite>