<?xml version="1.0" encoding="UTF-8"?>
<testsuite xmlns:xsi="http://www.w3.org/2001/XMLSchema-instance" xsi:noNamespaceSchemaLocation="https://maven.apache.org/surefire/maven-surefire-plugin/xsd/surefire-test-report-3.0.xsd" version="3.0" name="com.najahni.services.RiskCalculatorTest$JsonParsingTests" time="0.007" tests="4" errors="0" skipped="0" failures="0">
  <properties>
[...]
</properties>
  <testcase name="testParseTemperature" classname="com.najahni.services.RiskCalculatorTest$JsonParsingTests" time="0.003"/>
  <testcase name="testParseWind" classname="com.najahni.services.RiskCalculatorTest$JsonParsingTests" time="0.001"/>
  <testcase name="testKeyNotFound" classname="com.najahni.services.RiskCalculatorTest$JsonParsingTests" time="0.001"/>
  <testcase name="testParseNegativeValue" classname="com.najahni.services.RiskCalculatorTest$JsonParsingTests" time="0.0"/>
</testsuite>